<?xml version="1.0" encoding="utf-8" ?>
<!DOCTYPE html PUBLIC "-//W3C//DTD XHTML 1.0 Strict//EN"
        "http://www.w3.org/TR/xhtml1/DTD/xhtml1-strict.dtd">
<html xmlns="http://www.w3.org/1999/xhtml" xml:lang="" lang="">
<head>
  <title>Test Results Report - Regression Test</title>
  <meta http-equiv="Content-Type" content="text/html;charset=utf-8" />
  <meta name="description" content="TestNG unit test results." />
  <link href="reportng.css" rel="stylesheet" type="text/css" />
    <script type="text/javascript" src="reportng.js"></script>
</head>
<body>
<h1>Regression Test</h1>
<p>
  Test duration: 103.544s
</p>



  <table class="resultsTable">
    <tr><th colspan="3" class="header failed">Failed Tests</th></tr>
          <tr>
        <td colspan="3" class="group">com.tutorialsninja.testsuite.AccountLoginPageTest</td>
      </tr>
            
<tr>
  <td class="method">
                  verifyThatUserShouldLoginAndLogoutSuccessfully
      </td>
  <td class="duration">
    1.241s
  </td>
  <td class="result">
        
    
            <div class="testOutput">
                        Click On MyAccount[[ChromeDriver: chrome on WINDOWS (bdf0cd0047767e11545b10c299c4beeb)] -&gt; xpath: //span[contains(text(),&apos;My Account&apos;)]]<br />
                                Enter Email[[ChromeDriver: chrome on WINDOWS (bdf0cd0047767e11545b10c299c4beeb)] -&gt; id: input-email]<br />
                                Entetr Password[[ChromeDriver: chrome on WINDOWS (bdf0cd0047767e11545b10c299c4beeb)] -&gt; name: password]<br />
                                Click On Login Button[[ChromeDriver: chrome on WINDOWS (bdf0cd0047767e11545b10c299c4beeb)] -&gt; xpath: //input[@value=&apos;Login&apos;]]<br />
                                Get MyAccount Text[[ChromeDriver: chrome on WINDOWS (bdf0cd0047767e11545b10c299c4beeb)] -&gt; xpath: //h2[contains(text(),&apos;My Account&apos;)]]<br />
                                Click On MyAccount[[ChromeDriver: chrome on WINDOWS (bdf0cd0047767e11545b10c299c4beeb)] -&gt; xpath: //span[contains(text(),&apos;My Account&apos;)]]<br />
                  </div>
    

        <a href="javascript:toggleElement('exception-0', 'block')" title="Click to expand/collapse"><b>org.openqa.selenium.StaleElementReferenceException: stale element reference: element is not attached to the page document<br/>
&nbsp; (Session info: chrome=112.0.5615.138)<br/>
For documentation on this error, please visit: https://selenium.dev/exceptions/#stale_element_reference<br/>
Build info: version: &apos;4.9.0&apos;, revision: &apos;d7057100a6&apos;<br/>
System info: os.name: &apos;Windows 10&apos;, os.arch: &apos;amd64&apos;, os.version: &apos;10.0&apos;, java.version: &apos;1.8.0_121&apos;<br/>
Driver info: org.openqa.selenium.chrome.ChromeDriver<br/>
Command: [bdf0cd0047767e11545b10c299c4beeb, clickElement {id=aed95e95-6f59-4899-881b-cf962ed770cc}]<br/>
Capabilities {acceptInsecureCerts: false, browserName: chrome, browserVersion: 112.0.5615.138, chrome: {chromedriverVersion: 112.0.5615.49 (bd2a7bcb881c..., userDataDir: C:\Users\seema\AppData\Loca...}, goog:chromeOptions: {debuggerAddress: localhost:52433}, networkConnectionEnabled: false, pageLoadStrategy: normal, platformName: WINDOWS, proxy: Proxy(), se:cdp: ws://localhost:52433/devtoo..., se:cdpVersion: 112.0.5615.138, setWindowRect: true, strictFileInteractability: false, timeouts: {implicit: 0, pageLoad: 300000, script: 30000}, unhandledPromptBehavior: dismiss and notify, webauthn:extension:credBlob: true, webauthn:extension:largeBlob: true, webauthn:extension:minPinLength: true, webauthn:extension:prf: true, webauthn:virtualAuthenticators: true}<br/>
Element: [[ChromeDriver: chrome on WINDOWS (bdf0cd0047767e11545b10c299c4beeb)] -&gt; xpath: //span[contains(text(),&apos;My Account&apos;)]]<br/>
Session ID: bdf0cd0047767e11545b10c299c4beeb</b></a><br />
    <div class="stackTrace" id="exception-0">
              sun.reflect.NativeConstructorAccessorImpl.newInstance0(Native Method)<br />
              sun.reflect.NativeConstructorAccessorImpl.newInstance(NativeConstructorAccessorImpl.java:62)<br />
              sun.reflect.DelegatingConstructorAccessorImpl.newInstance(DelegatingConstructorAccessorImpl.java:45)<br />
              java.lang.reflect.Constructor.newInstance(Constructor.java:423)<br />
              org.openqa.selenium.remote.codec.w3c.W3CHttpResponseCodec.createException(W3CHttpResponseCodec.java:200)<br />
              org.openqa.selenium.remote.codec.w3c.W3CHttpResponseCodec.decode(W3CHttpResponseCodec.java:133)<br />
              org.openqa.selenium.remote.codec.w3c.W3CHttpResponseCodec.decode(W3CHttpResponseCodec.java:53)<br />
              org.openqa.selenium.remote.HttpCommandExecutor.execute(HttpCommandExecutor.java:193)<br />
              org.openqa.selenium.remote.service.DriverCommandExecutor.invokeExecute(DriverCommandExecutor.java:183)<br />
              org.openqa.selenium.remote.service.DriverCommandExecutor.execute(DriverCommandExecutor.java:158)<br />
              org.openqa.selenium.remote.RemoteWebDriver.execute(RemoteWebDriver.java:543)<br />
              org.openqa.selenium.remote.RemoteWebElement.execute(RemoteWebElement.java:257)<br />
              org.openqa.selenium.remote.RemoteWebElement.click(RemoteWebElement.java:78)<br />
              sun.reflect.NativeMethodAccessorImpl.invoke0(Native Method)<br />
              sun.reflect.NativeMethodAccessorImpl.invoke(NativeMethodAccessorImpl.java:62)<br />
              sun.reflect.DelegatingMethodAccessorImpl.invoke(DelegatingMethodAccessorImpl.java:43)<br />
              java.lang.reflect.Method.invoke(Method.java:498)<br />
              org.openqa.selenium.support.pagefactory.internal.LocatingElementHandler.invoke(LocatingElementHandler.java:52)<br />
              com.sun.proxy.$Proxy16.click(Unknown Source)<br />
              com.tutorialsninja.utility.Utility.clickOnElement(Utility.java:53)<br />
              com.tutorialsninja.pages.MyAccountPage.clickOnMyAccountTab(MyAccountPage.java:41)<br />
              com.tutorialsninja.testsuite.AccountLoginPageTest.verifyThatUserShouldLoginAndLogoutSuccessfully(AccountLoginPageTest.java:50)<br />
              sun.reflect.NativeMethodAccessorImpl.invoke0(Native Method)<br />
              sun.reflect.NativeMethodAccessorImpl.invoke(NativeMethodAccessorImpl.java:62)<br />
              sun.reflect.DelegatingMethodAccessorImpl.invoke(DelegatingMethodAccessorImpl.java:43)<br />
              java.lang.reflect.Method.invoke(Method.java:498)<br />
              org.testng.internal.invokers.MethodInvocationHelper.invokeMethod(MethodInvocationHelper.java:135)<br />
              org.testng.internal.invokers.TestInvoker.invokeMethod(TestInvoker.java:673)<br />
              org.testng.internal.invokers.TestInvoker.invokeTestMethod(TestInvoker.java:220)<br />
              org.testng.internal.invokers.MethodRunner.runInSequence(MethodRunner.java:50)<br />
              org.testng.internal.invokers.TestInvoker$MethodInvocationAgent.invoke(TestInvoker.java:945)<br />
              org.testng.internal.invokers.TestInvoker.invokeTestMethods(TestInvoker.java:193)<br />
              org.testng.internal.invokers.TestMethodWorker.invokeTestMethods(TestMethodWorker.java:146)<br />
              org.testng.internal.invokers.TestMethodWorker.run(TestMethodWorker.java:128)<br />
              java.util.ArrayList.forEach(ArrayList.java:1249)<br />
              org.testng.TestRunner.privateRun(TestRunner.java:808)<br />
              org.testng.TestRunner.run(TestRunner.java:603)<br />
              org.testng.SuiteRunner.runTest(SuiteRunner.java:429)<br />
              org.testng.SuiteRunner.runSequentially(SuiteRunner.java:423)<br />
              org.testng.SuiteRunner.privateRun(SuiteRunner.java:383)<br />
              org.testng.SuiteRunner.run(SuiteRunner.java:326)<br />
              org.testng.SuiteRunnerWorker.runSuite(SuiteRunnerWorker.java:52)<br />
              org.testng.SuiteRunnerWorker.run(SuiteRunnerWorker.java:95)<br />
              org.testng.TestNG.runSuitesSequentially(TestNG.java:1249)<br />
              org.testng.TestNG.runSuitesLocally(TestNG.java:1169)<br />
              org.testng.TestNG.runSuites(TestNG.java:1092)<br />
              org.testng.TestNG.run(TestNG.java:1060)<br />
              com.intellij.rt.testng.IDEARemoteTestNG.run(IDEARemoteTestNG.java:66)<br />
              com.intellij.rt.testng.RemoteTestNGStarter.main(RemoteTestNGStarter.java:109)<br />
                </div>
      </td>
</tr>
          <tr>
        <td colspan="3" class="group">com.tutorialsninja.testsuite.DeskTopTest</td>
      </tr>
            
<tr>
  <td class="method">
                  verifyProductAddedToShoppingCartSuccessFully
      </td>
  <td class="duration">
    13.768s
  </td>
  <td class="result">
        
    
            <div class="testOutput">
                        Show AllDesktops [[ChromeDriver: chrome on WINDOWS (fa47e1adec086e56fe2d00d6dc4109d8)] -&gt; link text: Desktops]<br />
                                Input-Sort By Z To A [[ChromeDriver: chrome on WINDOWS (fa47e1adec086e56fe2d00d6dc4109d8)] -&gt; link text: Show AllDesktops]<br />
                                 DeskTop[[ChromeDriver: chrome on WINDOWS (fa47e1adec086e56fe2d00d6dc4109d8)] -&gt; id: input-sort]<br />
                                 Select HP LP3065[[ChromeDriver: chrome on WINDOWS (fa47e1adec086e56fe2d00d6dc4109d8)] -&gt; xpath: //a[contains(text(),&apos;HP LP3065&apos;)]]<br />
                                HP LP3065 [[ChromeDriver: chrome on WINDOWS (fa47e1adec086e56fe2d00d6dc4109d8)] -&gt; xpath: //h1[contains(text(),&apos;HP LP3065&apos;)]]<br />
                                 Add To Cart And Click[[ChromeDriver: chrome on WINDOWS (fa47e1adec086e56fe2d00d6dc4109d8)] -&gt; id: button-cart]<br />
                                Added Successfully&nbsp; [[ChromeDriver: chrome on WINDOWS (fa47e1adec086e56fe2d00d6dc4109d8)] -&gt; xpath: //div[@class=&apos;alert alert-success alert-dismissible&apos;]]<br />
                                Add To Shopping Cart[[ChromeDriver: chrome on WINDOWS (fa47e1adec086e56fe2d00d6dc4109d8)] -&gt; xpath: //a[contains(text(),&apos;shopping cart&apos;)]]<br />
                  </div>
    

        <a href="javascript:toggleElement('exception-1', 'block')" title="Click to expand/collapse"><b>org.openqa.selenium.ElementClickInterceptedException: element click intercepted: Element &lt;a href=&quot;https://tutorialsninja.com/demo/index.php?route=checkout/cart&quot;&gt;...&lt;/a&gt; is not clickable at point (363, 8). Other element would receive the click: &lt;div class=&quot;container&quot;&gt;...&lt;/div&gt;<br/>
&nbsp; (Session info: chrome=112.0.5615.138)<br/>
Build info: version: &apos;4.9.0&apos;, revision: &apos;d7057100a6&apos;<br/>
System info: os.name: &apos;Windows 10&apos;, os.arch: &apos;amd64&apos;, os.version: &apos;10.0&apos;, java.version: &apos;1.8.0_121&apos;<br/>
Driver info: org.openqa.selenium.chrome.ChromeDriver<br/>
Command: [fa47e1adec086e56fe2d00d6dc4109d8, clickElement {id=0881a6cf-d4a8-43e5-a23c-57f336a8a063}]<br/>
Capabilities {acceptInsecureCerts: false, browserName: chrome, browserVersion: 112.0.5615.138, chrome: {chromedriverVersion: 112.0.5615.49 (bd2a7bcb881c..., userDataDir: C:\Users\seema\AppData\Loca...}, goog:chromeOptions: {debuggerAddress: localhost:52478}, networkConnectionEnabled: false, pageLoadStrategy: normal, platformName: WINDOWS, proxy: Proxy(), se:cdp: ws://localhost:52478/devtoo..., se:cdpVersion: 112.0.5615.138, setWindowRect: true, strictFileInteractability: false, timeouts: {implicit: 0, pageLoad: 300000, script: 30000}, unhandledPromptBehavior: dismiss and notify, webauthn:extension:credBlob: true, webauthn:extension:largeBlob: true, webauthn:extension:minPinLength: true, webauthn:extension:prf: true, webauthn:virtualAuthenticators: true}<br/>
Element: [[ChromeDriver: chrome on WINDOWS (fa47e1adec086e56fe2d00d6dc4109d8)] -&gt; xpath: //a[contains(text(),&apos;shopping cart&apos;)]]<br/>
Session ID: fa47e1adec086e56fe2d00d6dc4109d8</b></a><br />
    <div class="stackTrace" id="exception-1">
              sun.reflect.NativeConstructorAccessorImpl.newInstance0(Native Method)<br />
              sun.reflect.NativeConstructorAccessorImpl.newInstance(NativeConstructorAccessorImpl.java:62)<br />
              sun.reflect.DelegatingConstructorAccessorImpl.newInstance(DelegatingConstructorAccessorImpl.java:45)<br />
              java.lang.reflect.Constructor.newInstance(Constructor.java:423)<br />
              org.openqa.selenium.remote.codec.w3c.W3CHttpResponseCodec.createException(W3CHttpResponseCodec.java:200)<br />
              org.openqa.selenium.remote.codec.w3c.W3CHttpResponseCodec.decode(W3CHttpResponseCodec.java:133)<br />
              org.openqa.selenium.remote.codec.w3c.W3CHttpResponseCodec.decode(W3CHttpResponseCodec.java:53)<br />
              org.openqa.selenium.remote.HttpCommandExecutor.execute(HttpCommandExecutor.java:193)<br />
              org.openqa.selenium.remote.service.DriverCommandExecutor.invokeExecute(DriverCommandExecutor.java:183)<br />
              org.openqa.selenium.remote.service.DriverCommandExecutor.execute(DriverCommandExecutor.java:158)<br />
              org.openqa.selenium.remote.RemoteWebDriver.execute(RemoteWebDriver.java:543)<br />
              org.openqa.selenium.remote.RemoteWebElement.execute(RemoteWebElement.java:257)<br />
              org.openqa.selenium.remote.RemoteWebElement.click(RemoteWebElement.java:78)<br />
              sun.reflect.NativeMethodAccessorImpl.invoke0(Native Method)<br />
              sun.reflect.NativeMethodAccessorImpl.invoke(NativeMethodAccessorImpl.java:62)<br />
              sun.reflect.DelegatingMethodAccessorImpl.invoke(DelegatingMethodAccessorImpl.java:43)<br />
              java.lang.reflect.Method.invoke(Method.java:498)<br />
              org.openqa.selenium.support.pagefactory.internal.LocatingElementHandler.invoke(LocatingElementHandler.java:52)<br />
              com.sun.proxy.$Proxy16.click(Unknown Source)<br />
              com.tutorialsninja.utility.Utility.clickOnElement(Utility.java:53)<br />
              com.tutorialsninja.pages.ShoppingCartPage.shoppingCartClick(ShoppingCartPage.java:25)<br />
              com.tutorialsninja.testsuite.DeskTopTest.verifyProductAddedToShoppingCartSuccessFully(DeskTopTest.java:58)<br />
              sun.reflect.NativeMethodAccessorImpl.invoke0(Native Method)<br />
              sun.reflect.NativeMethodAccessorImpl.invoke(NativeMethodAccessorImpl.java:62)<br />
              sun.reflect.DelegatingMethodAccessorImpl.invoke(DelegatingMethodAccessorImpl.java:43)<br />
              java.lang.reflect.Method.invoke(Method.java:498)<br />
              org.testng.internal.invokers.MethodInvocationHelper.invokeMethod(MethodInvocationHelper.java:135)<br />
              org.testng.internal.invokers.TestInvoker.invokeMethod(TestInvoker.java:673)<br />
              org.testng.internal.invokers.TestInvoker.invokeTestMethod(TestInvoker.java:220)<br />
              org.testng.internal.invokers.MethodRunner.runInSequence(MethodRunner.java:50)<br />
              org.testng.internal.invokers.TestInvoker$MethodInvocationAgent.invoke(TestInvoker.java:945)<br />
              org.testng.internal.invokers.TestInvoker.invokeTestMethods(TestInvoker.java:193)<br />
              org.testng.internal.invokers.TestMethodWorker.invokeTestMethods(TestMethodWorker.java:146)<br />
              org.testng.internal.invokers.TestMethodWorker.run(TestMethodWorker.java:128)<br />
              java.util.ArrayList.forEach(ArrayList.java:1249)<br />
              org.testng.TestRunner.privateRun(TestRunner.java:808)<br />
              org.testng.TestRunner.run(TestRunner.java:603)<br />
              org.testng.SuiteRunner.runTest(SuiteRunner.java:429)<br />
              org.testng.SuiteRunner.runSequentially(SuiteRunner.java:423)<br />
              org.testng.SuiteRunner.privateRun(SuiteRunner.java:383)<br />
              org.testng.SuiteRunner.run(SuiteRunner.java:326)<br />
              org.testng.SuiteRunnerWorker.runSuite(SuiteRunnerWorker.java:52)<br />
              org.testng.SuiteRunnerWorker.run(SuiteRunnerWorker.java:95)<br />
              org.testng.TestNG.runSuitesSequentially(TestNG.java:1249)<br />
              org.testng.TestNG.runSuitesLocally(TestNG.java:1169)<br />
              org.testng.TestNG.runSuites(TestNG.java:1092)<br />
              org.testng.TestNG.run(TestNG.java:1060)<br />
              com.intellij.rt.testng.IDEARemoteTestNG.run(IDEARemoteTestNG.java:66)<br />
              com.intellij.rt.testng.RemoteTestNGStarter.main(RemoteTestNGStarter.java:109)<br />
                </div>
      </td>
</tr>
          <tr>
        <td colspan="3" class="group">com.tutorialsninja.testsuite.LaptopsAndNotebooksTest</td>
      </tr>
            
<tr>
  <td class="method">
                  verifyThatUserPlaceOrderSuccessfully
      </td>
  <td class="duration">
    4.247s
  </td>
  <td class="result">
        
    
            <div class="testOutput">
                        Click On Currency[[ChromeDriver: chrome on WINDOWS (54071c143b80edcb8ea441188ade6e2b)] -&gt; xpath: //span[contains(text(),&apos;Currency&apos;)]]<br />
                                Select Currency Pound Sterling[[ChromeDriver: chrome on WINDOWS (54071c143b80edcb8ea441188ade6e2b)] -&gt; xpath: //button[contains(text(),&apos;Â£Pound Sterling&apos;)]]<br />
                                 Showing AllLapTop And Notebooks[[ChromeDriver: chrome on WINDOWS (54071c143b80edcb8ea441188ade6e2b)] -&gt; link text: Laptops &amp; Notebooks]<br />
                                Click on show all laptop and notebooks[[ChromeDriver: chrome on WINDOWS (54071c143b80edcb8ea441188ade6e2b)] -&gt; link text: Show AllLaptops &amp; Notebooks]<br />
                                Sort by price High to Low[[ChromeDriver: chrome on WINDOWS (54071c143b80edcb8ea441188ade6e2b)] -&gt; id: input-sort]<br />
                                Click on Macbook[[ChromeDriver: chrome on WINDOWS (54071c143b80edcb8ea441188ade6e2b)] -&gt; link text: MacBook]<br />
                                Get Macbook text[[ChromeDriver: chrome on WINDOWS (54071c143b80edcb8ea441188ade6e2b)] -&gt; xpath: //h1[contains(text(),&apos;MacBook&apos;)]]<br />
                                Add to cart[[ChromeDriver: chrome on WINDOWS (54071c143b80edcb8ea441188ade6e2b)] -&gt; xpath: //button[@id=&apos;button-cart&apos;]]<br />
                                Get success text[[ChromeDriver: chrome on WINDOWS (54071c143b80edcb8ea441188ade6e2b)] -&gt; xpath: //div[@class = &apos;alert alert-success alert-dismissible&apos;]]<br />
                                Click on shopping cart[[ChromeDriver: chrome on WINDOWS (54071c143b80edcb8ea441188ade6e2b)] -&gt; xpath: //a[contains(text(),&apos;shopping cart&apos;)]]<br />
                                Get shopping cart text[[ChromeDriver: chrome on WINDOWS (54071c143b80edcb8ea441188ade6e2b)] -&gt; xpath: //div[@id=&apos;content&apos;]//h1]<br />
                                Get Macbook name text[[ChromeDriver: chrome on WINDOWS (54071c143b80edcb8ea441188ade6e2b)] -&gt; xpath: //div[@class = &apos;table-responsive&apos;]/table/tbody/tr/td[2]/a]<br />
                                Clear Qty[[ChromeDriver: chrome on WINDOWS (54071c143b80edcb8ea441188ade6e2b)] -&gt; xpath: //tbody/tr[1]/td[4]/div[1]/input[1]]<br />
                  </div>
    

        <a href="javascript:toggleElement('exception-2', 'block')" title="Click to expand/collapse"><b>java.lang.ClassCastException: com.sun.proxy.$Proxy16 cannot be cast to org.openqa.selenium.By</b></a><br />
    <div class="stackTrace" id="exception-2">
              com.tutorialsninja.pages.LaptopAndNotebooksPage.clearQty(LaptopAndNotebooksPage.java:179)<br />
              com.tutorialsninja.testsuite.LaptopsAndNotebooksTest.verifyThatUserPlaceOrderSuccessfully(LaptopsAndNotebooksTest.java:69)<br />
              sun.reflect.NativeMethodAccessorImpl.invoke0(Native Method)<br />
              sun.reflect.NativeMethodAccessorImpl.invoke(NativeMethodAccessorImpl.java:62)<br />
              sun.reflect.DelegatingMethodAccessorImpl.invoke(DelegatingMethodAccessorImpl.java:43)<br />
              java.lang.reflect.Method.invoke(Method.java:498)<br />
              org.testng.internal.invokers.MethodInvocationHelper.invokeMethod(MethodInvocationHelper.java:135)<br />
              org.testng.internal.invokers.TestInvoker.invokeMethod(TestInvoker.java:673)<br />
              org.testng.internal.invokers.TestInvoker.invokeTestMethod(TestInvoker.java:220)<br />
              org.testng.internal.invokers.MethodRunner.runInSequence(MethodRunner.java:50)<br />
              org.testng.internal.invokers.TestInvoker$MethodInvocationAgent.invoke(TestInvoker.java:945)<br />
              org.testng.internal.invokers.TestInvoker.invokeTestMethods(TestInvoker.java:193)<br />
              org.testng.internal.invokers.TestMethodWorker.invokeTestMethods(TestMethodWorker.java:146)<br />
              org.testng.internal.invokers.TestMethodWorker.run(TestMethodWorker.java:128)<br />
              java.util.ArrayList.forEach(ArrayList.java:1249)<br />
              org.testng.TestRunner.privateRun(TestRunner.java:808)<br />
              org.testng.TestRunner.run(TestRunner.java:603)<br />
              org.testng.SuiteRunner.runTest(SuiteRunner.java:429)<br />
              org.testng.SuiteRunner.runSequentially(SuiteRunner.java:423)<br />
              org.testng.SuiteRunner.privateRun(SuiteRunner.java:383)<br />
              org.testng.SuiteRunner.run(SuiteRunner.java:326)<br />
              org.testng.SuiteRunnerWorker.runSuite(SuiteRunnerWorker.java:52)<br />
              org.testng.SuiteRunnerWorker.run(SuiteRunnerWorker.java:95)<br />
              org.testng.TestNG.runSuitesSequentially(TestNG.java:1249)<br />
              org.testng.TestNG.runSuitesLocally(TestNG.java:1169)<br />
              org.testng.TestNG.runSuites(TestNG.java:1092)<br />
              org.testng.TestNG.run(TestNG.java:1060)<br />
              com.intellij.rt.testng.IDEARemoteTestNG.run(IDEARemoteTestNG.java:66)<br />
              com.intellij.rt.testng.RemoteTestNGStarter.main(RemoteTestNGStarter.java:109)<br />
                </div>
      </td>
</tr>
          <tr>
        <td colspan="3" class="group">com.tutorialsninja.testsuite.RegisterTest</td>
      </tr>
            
<tr>
  <td class="method">
                  verifyThatUserRegisterAccountSuccessfully
      </td>
  <td class="duration">
    41.843s
  </td>
  <td class="result">
        
    
            <div class="testOutput">
                        Click On MyAccount[[ChromeDriver: chrome on WINDOWS (978fa705e1ac9e64c69a2ef7f0a75f27)] -&gt; xpath: //span[contains(text(),&apos;My Account&apos;)]]<br />
                                Enter FirstName[[ChromeDriver: chrome on WINDOWS (978fa705e1ac9e64c69a2ef7f0a75f27)] -&gt; name: firstname]<br />
                                Enter LastName[[ChromeDriver: chrome on WINDOWS (978fa705e1ac9e64c69a2ef7f0a75f27)] -&gt; name: lastname]<br />
                                Enter Email Address[[ChromeDriver: chrome on WINDOWS (978fa705e1ac9e64c69a2ef7f0a75f27)] -&gt; name: email]<br />
                                Enter Telephone[[ChromeDriver: chrome on WINDOWS (978fa705e1ac9e64c69a2ef7f0a75f27)] -&gt; name: telephone]<br />
                                Enter Password[[ChromeDriver: chrome on WINDOWS (978fa705e1ac9e64c69a2ef7f0a75f27)] -&gt; id: input-password]<br />
                                Enter ConfirmPassword[[ChromeDriver: chrome on WINDOWS (978fa705e1ac9e64c69a2ef7f0a75f27)] -&gt; id: input-confirm]<br />
                                Select Subscribe Yes Radio Button[[ChromeDriver: chrome on WINDOWS (978fa705e1ac9e64c69a2ef7f0a75f27)] -&gt; xpath: (//input[@type=&apos;radio&apos;])[2]]<br />
                                Click On Private Policy CheckBox[[ChromeDriver: chrome on WINDOWS (978fa705e1ac9e64c69a2ef7f0a75f27)] -&gt; name: agree]<br />
                                Click On Continue Button[[ChromeDriver: chrome on WINDOWS (978fa705e1ac9e64c69a2ef7f0a75f27)] -&gt; xpath: //input[@type=&apos;submit&apos;]]<br />
                                 Get Account Has Been Created TextProxy element for: DefaultElementLocator &apos;By.xpath: //h1[contains(text(),&apos;Your Account Has Been Created!&apos;)]&apos;<br />
                  </div>
    

        <a href="javascript:toggleElement('exception-3', 'block')" title="Click to expand/collapse"><b>org.openqa.selenium.NoSuchElementException: no such element: Unable to locate element: {&quot;method&quot;:&quot;xpath&quot;,&quot;selector&quot;:&quot;//h1[contains(text(),&apos;Your Account Has Been Created!&apos;)]&quot;}<br/>
&nbsp; (Session info: chrome=112.0.5615.138)<br/>
For documentation on this error, please visit: https://selenium.dev/exceptions/#no_such_element<br/>
Build info: version: &apos;4.9.0&apos;, revision: &apos;d7057100a6&apos;<br/>
System info: os.name: &apos;Windows 10&apos;, os.arch: &apos;amd64&apos;, os.version: &apos;10.0&apos;, java.version: &apos;1.8.0_121&apos;<br/>
Driver info: org.openqa.selenium.chrome.ChromeDriver<br/>
Command: [978fa705e1ac9e64c69a2ef7f0a75f27, findElement {using=xpath, value=//h1[contains(text(),&apos;Your Account Has Been Created!&apos;)]}]<br/>
Capabilities {acceptInsecureCerts: false, browserName: chrome, browserVersion: 112.0.5615.138, chrome: {chromedriverVersion: 112.0.5615.49 (bd2a7bcb881c..., userDataDir: C:\Users\seema\AppData\Loca...}, goog:chromeOptions: {debuggerAddress: localhost:52530}, networkConnectionEnabled: false, pageLoadStrategy: normal, platformName: WINDOWS, proxy: Proxy(), se:cdp: ws://localhost:52530/devtoo..., se:cdpVersion: 112.0.5615.138, setWindowRect: true, strictFileInteractability: false, timeouts: {implicit: 0, pageLoad: 300000, script: 30000}, unhandledPromptBehavior: dismiss and notify, webauthn:extension:credBlob: true, webauthn:extension:largeBlob: true, webauthn:extension:minPinLength: true, webauthn:extension:prf: true, webauthn:virtualAuthenticators: true}<br/>
Session ID: 978fa705e1ac9e64c69a2ef7f0a75f27</b></a><br />
    <div class="stackTrace" id="exception-3">
              sun.reflect.NativeConstructorAccessorImpl.newInstance0(Native Method)<br />
              sun.reflect.NativeConstructorAccessorImpl.newInstance(NativeConstructorAccessorImpl.java:62)<br />
              sun.reflect.DelegatingConstructorAccessorImpl.newInstance(DelegatingConstructorAccessorImpl.java:45)<br />
              java.lang.reflect.Constructor.newInstance(Constructor.java:423)<br />
              org.openqa.selenium.remote.codec.w3c.W3CHttpResponseCodec.createException(W3CHttpResponseCodec.java:200)<br />
              org.openqa.selenium.remote.codec.w3c.W3CHttpResponseCodec.decode(W3CHttpResponseCodec.java:133)<br />
              org.openqa.selenium.remote.codec.w3c.W3CHttpResponseCodec.decode(W3CHttpResponseCodec.java:53)<br />
              org.openqa.selenium.remote.HttpCommandExecutor.execute(HttpCommandExecutor.java:193)<br />
              org.openqa.selenium.remote.service.DriverCommandExecutor.invokeExecute(DriverCommandExecutor.java:183)<br />
              org.openqa.selenium.remote.service.DriverCommandExecutor.execute(DriverCommandExecutor.java:158)<br />
              org.openqa.selenium.remote.RemoteWebDriver.execute(RemoteWebDriver.java:543)<br />
              org.openqa.selenium.remote.ElementLocation$ElementFinder$2.findElement(ElementLocation.java:162)<br />
              org.openqa.selenium.remote.ElementLocation.findElement(ElementLocation.java:60)<br />
              org.openqa.selenium.remote.RemoteWebDriver.findElement(RemoteWebDriver.java:352)<br />
              org.openqa.selenium.remote.RemoteWebDriver.findElement(RemoteWebDriver.java:344)<br />
              org.openqa.selenium.support.pagefactory.DefaultElementLocator.findElement(DefaultElementLocator.java:70)<br />
              org.openqa.selenium.support.pagefactory.internal.LocatingElementHandler.invoke(LocatingElementHandler.java:39)<br />
              com.sun.proxy.$Proxy16.getText(Unknown Source)<br />
              com.tutorialsninja.utility.Utility.getTextFromElement(Utility.java:64)<br />
              com.tutorialsninja.pages.MyAccountRegisterPage.getAccountHasBeenCreatedText(MyAccountRegisterPage.java:109)<br />
              com.tutorialsninja.testsuite.RegisterTest.verifyThatUserRegisterAccountSuccessfully(RegisterTest.java:56)<br />
              sun.reflect.NativeMethodAccessorImpl.invoke0(Native Method)<br />
              sun.reflect.NativeMethodAccessorImpl.invoke(NativeMethodAccessorImpl.java:62)<br />
              sun.reflect.DelegatingMethodAccessorImpl.invoke(DelegatingMethodAccessorImpl.java:43)<br />
              java.lang.reflect.Method.invoke(Method.java:498)<br />
              org.testng.internal.invokers.MethodInvocationHelper.invokeMethod(MethodInvocationHelper.java:135)<br />
              org.testng.internal.invokers.TestInvoker.invokeMethod(TestInvoker.java:673)<br />
              org.testng.internal.invokers.TestInvoker.invokeTestMethod(TestInvoker.java:220)<br />
              org.testng.internal.invokers.MethodRunner.runInSequence(MethodRunner.java:50)<br />
              org.testng.internal.invokers.TestInvoker$MethodInvocationAgent.invoke(TestInvoker.java:945)<br />
              org.testng.internal.invokers.TestInvoker.invokeTestMethods(TestInvoker.java:193)<br />
              org.testng.internal.invokers.TestMethodWorker.invokeTestMethods(TestMethodWorker.java:146)<br />
              org.testng.internal.invokers.TestMethodWorker.run(TestMethodWorker.java:128)<br />
              java.util.ArrayList.forEach(ArrayList.java:1249)<br />
              org.testng.TestRunner.privateRun(TestRunner.java:808)<br />
              org.testng.TestRunner.run(TestRunner.java:603)<br />
              org.testng.SuiteRunner.runTest(SuiteRunner.java:429)<br />
              org.testng.SuiteRunner.runSequentially(SuiteRunner.java:423)<br />
              org.testng.SuiteRunner.privateRun(SuiteRunner.java:383)<br />
              org.testng.SuiteRunner.run(SuiteRunner.java:326)<br />
              org.testng.SuiteRunnerWorker.runSuite(SuiteRunnerWorker.java:52)<br />
              org.testng.SuiteRunnerWorker.run(SuiteRunnerWorker.java:95)<br />
              org.testng.TestNG.runSuitesSequentially(TestNG.java:1249)<br />
              org.testng.TestNG.runSuitesLocally(TestNG.java:1169)<br />
              org.testng.TestNG.runSuites(TestNG.java:1092)<br />
              org.testng.TestNG.run(TestNG.java:1060)<br />
              com.intellij.rt.testng.IDEARemoteTestNG.run(IDEARemoteTestNG.java:66)<br />
              com.intellij.rt.testng.RemoteTestNGStarter.main(RemoteTestNGStarter.java:109)<br />
                </div>
      </td>
</tr>
      </table>


  <table class="resultsTable">
    <tr><th colspan="3" class="header passed">Passed Tests</th></tr>
          <tr>
        <td colspan="3" class="group">com.tutorialsninja.testsuite.AccountLoginPageTest</td>
      </tr>
            
<tr>
  <td class="method">
                  verifyUserShouldNavigateToLoginPageSuccessfully
      </td>
  <td class="duration">
    0.492s
  </td>
  <td class="result">
        
    
            <div class="testOutput">
                        Click On MyAccount[[ChromeDriver: chrome on WINDOWS (7773e570e942b225f485003bf4212c4f)] -&gt; xpath: //span[contains(text(),&apos;My Account&apos;)]]<br />
                                Get Returning Customer Text[[ChromeDriver: chrome on WINDOWS (7773e570e942b225f485003bf4212c4f)] -&gt; xpath: //h2[normalize-space()=&apos;Returning Customer&apos;]]<br />
                  </div>
    

      </td>
</tr>
          <tr>
        <td colspan="3" class="group">com.tutorialsninja.testsuite.DeskTopTest</td>
      </tr>
            
<tr>
  <td class="method">
                  verifyProductArrangeInAlphaBaticalOrder
      </td>
  <td class="duration">
    1.464s
  </td>
  <td class="result">
        
    
            <div class="testOutput">
                        Show AllDesktops [[ChromeDriver: chrome on WINDOWS (7259b7c33e20d03909ce0f31b3ee350a)] -&gt; link text: Desktops]<br />
                                Input-Sort By Z To A [[ChromeDriver: chrome on WINDOWS (7259b7c33e20d03909ce0f31b3ee350a)] -&gt; link text: Show AllDesktops]<br />
                                Input-Sort By Z To A[[ChromeDriver: chrome on WINDOWS (7259b7c33e20d03909ce0f31b3ee350a)] -&gt; id: input-sort]<br />
                  </div>
    

      </td>
</tr>
          <tr>
        <td colspan="3" class="group">com.tutorialsninja.testsuite.LaptopsAndNotebooksTest</td>
      </tr>
            
<tr>
  <td class="method">
                  verifyProductsPriceDisplayHighToLowSuccessfully
      </td>
  <td class="duration">
    1.489s
  </td>
  <td class="result">
        
    
            <div class="testOutput">
                         Showing AllLapTop And Notebooks[[ChromeDriver: chrome on WINDOWS (453163ae622b26cf0abb6d52cee2ff68)] -&gt; link text: Laptops &amp; Notebooks]<br />
                                Click on show all laptop and notebooks[[ChromeDriver: chrome on WINDOWS (453163ae622b26cf0abb6d52cee2ff68)] -&gt; link text: Show AllLaptops &amp; Notebooks]<br />
                                Sort by price High to Low[[ChromeDriver: chrome on WINDOWS (453163ae622b26cf0abb6d52cee2ff68)] -&gt; id: input-sort]<br />
                  </div>
    

      </td>
</tr>
          <tr>
        <td colspan="3" class="group">com.tutorialsninja.testsuite.RegisterTest</td>
      </tr>
            
<tr>
  <td class="method">
                  verifyUserShouldNavigateToRegisterPageSuccessfully
      </td>
  <td class="duration">
    0.720s
  </td>
  <td class="result">
        
    
            <div class="testOutput">
                        Click On MyAccount[[ChromeDriver: chrome on WINDOWS (4e3ce92a815bcc03723b059a36601447)] -&gt; xpath: //span[contains(text(),&apos;My Account&apos;)]]<br />
                                Get RegisterAccount Text[[ChromeDriver: chrome on WINDOWS (4e3ce92a815bcc03723b059a36601447)] -&gt; xpath: //h1[normalize-space()=&apos;Register Account&apos;]]<br />
                  </div>
    

      </td>
</tr>
      </table>
  
</body>
</html>
